<?xml version="1.0" encoding="UTF-8"?>
<testsuite xmlns:xsi="http://www.w3.org/2001/XMLSchema-instance" xsi:noNamespaceSchemaLocation="https://maven.apache.org/surefire/maven-surefire-plugin/xsd/surefire-test-report-3.0.xsd" version="3.0" name="estapasDefinidas.TestRunner" time="0.042" tests="1" errors="0" skipped="0" failures="0">
  <properties>
[...]
</properties>
  <testcase name="meuNumero" classname="estapasDefinidas.TestRunner" time="0.024">
    <system-out><![CDATA[548887
]]></system-out>
  </testcase>
</testsuite>